<?xml version="1.0" encoding="UTF-8"?>
<!-- Generated by org.testng.reporters.JUnitReportReporter -->
<testsuite hostname="DESKTOP-H2J9PSJ" failures="0" tests="1" name="login.TestScript" time="8.672" errors="0" timestamp="2024-06-11T08:45:14 IST" skipped="0">
  <testcase classname="login.TestScript" name="click" time="8.672"/>
  <system-out>
    <![CDATA[Login to the application successfully
Books link has been clicked
Computers link has been clicked]]>
  </system-out>
</testsuite> <!-- login.TestScript -->
